<?xml version="1.0" encoding="utf-8"?><testsuites name="pytest tests"><testsuite name="pytest" errors="0" failures="0" skipped="0" tests="41" time="11.578" timestamp="2026-05-07T18:37:04.662048+00:00" hostname="agent-env-92b83ce8-80ef-415b-b2c3-05797461d78d"><testcase classname="tests.test_backend_api.TestPublic" name="test_root" time="0.170" /><testcase classname="tests.test_backend_api.TestPublic" name="test_get_settings_public" time="0.080" /><testcase classname="tests.test_backend_api.TestPublic" name="test_get_projects" time="0.066" /><testcase classname="tests.test_backend_api.TestAuth" name="test_login_wrong_password" time="0.296" /><testcase classname="tests.test_backend_api.TestAuth" name="test_admin_me" time="0.543" /><testcase classname="tests.test_backend_api.TestAuth" name="test_admin_me_no_auth" time="0.133" /><testcase classname="tests.test_backend_api.TestAboutSettings" name="test_reset_then_about_fields_null" time="0.321" /><testcase classname="tests.test_backend_api.TestAboutSettings" name="test_put_about_fields_persists" time="0.318" /><testcase classname="tests.test_backend_api.TestAboutSettings" name="test_put_about_years_out_of_range" time="0.196" /><testcase classname="tests.test_backend_api.TestAboutSettings" name="test_put_about_body_oversize" time="0.145" /><testcase classname="tests.test_backend_api.TestAboutTransitionSettings" name="test_get_settings_exposes_new_fields_publicly" time="0.064" /><testcase classname="tests.test_backend_api.TestAboutTransitionSettings" name="test_put_valid_transition_effect_and_speed_roundtrip" time="0.224" /><testcase classname="tests.test_backend_api.TestAboutTransitionSettings" name="test_put_all_nine_effects_accepted" time="1.335" /><testcase classname="tests.test_backend_api.TestAboutTransitionSettings" name="test_put_invalid_transition_effect_rejected" time="0.137" /><testcase classname="tests.test_backend_api.TestAboutTransitionSettings" name="test_put_speed_below_range_rejected" time="0.142" /><testcase classname="tests.test_backend_api.TestAboutTransitionSettings" name="test_put_speed_above_range_rejected" time="0.143" /><testcase classname="tests.test_backend_api.TestAboutTransitionSettings" name="test_put_speed_boundaries_accepted" time="0.291" /><testcase classname="tests.test_backend_api.TestAboutTransitionSettings" name="test_reset_clears_new_fields_to_none" time="0.402" /><testcase classname="tests.test_backend_api.TestAboutTransitionSettings" name="test_put_null_partial_update_keeps_existing" time="0.312" /><testcase classname="tests.test_backend_api.TestAccessEnabled" name="test_get_settings_exposes_access_enabled_publicly" time="0.064" /><testcase classname="tests.test_backend_api.TestAccessEnabled" name="test_put_access_enabled_false_roundtrip" time="0.222" /><testcase classname="tests.test_backend_api.TestAccessEnabled" name="test_put_access_enabled_true_roundtrip" time="0.228" /><testcase classname="tests.test_backend_api.TestAccessEnabled" name="test_put_access_enabled_invalid_type_rejected" time="0.273" /><testcase classname="tests.test_backend_api.TestAccessEnabled" name="test_reset_sets_access_enabled_true" time="0.334" /><testcase classname="tests.test_backend_api.TestAccessEnabled" name="test_put_null_preserves_existing_access" time="0.429" /><testcase classname="tests.test_backend_api.TestAboutUpload" name="test_upload_png_ok" time="0.258" /><testcase classname="tests.test_backend_api.TestAboutUpload" name="test_upload_txt_rejected" time="0.128" /><testcase classname="tests.test_backend_api.TestAboutUpload" name="test_upload_oversize_rejected" time="0.636" /><testcase classname="tests.test_backend_api.TestAboutUpload" name="test_upload_no_auth" time="0.134" /><testcase classname="tests.test_backend_api.TestProjects" name="test_projects_crud_roundtrip" time="0.941" /><testcase classname="tests.test_backend_api.TestProjects" name="test_projects_no_auth" time="0.129" /><testcase classname="tests.test_backend_api.TestContact" name="test_contact_required_fields" time="0.061" /><testcase classname="tests.test_backend_api.TestContact" name="test_contact_invalid_email" time="0.068" /><testcase classname="tests.test_backend_api.TestContact" name="test_contact_honeypot_silent" time="0.061" /><testcase classname="tests.test_backend_api.TestContact" name="test_contact_persists" time="0.346" /><testcase classname="tests.test_backend_api.TestAdminContacts" name="test_pagination_and_read_flag" time="0.804" /><testcase classname="tests.test_backend_api.TestWebhookAuth" name="test_no_headers" time="0.068" /><testcase classname="tests.test_backend_api.TestWebhookAuth" name="test_bad_signature" time="0.068" /><testcase classname="tests.test_webhook_signature" name="test_valid_signature_appends_events" time="0.042" /><testcase classname="tests.test_webhook_signature" name="test_invalid_signature_rejected" time="0.002" /><testcase classname="tests.test_webhook_signature" name="test_missing_headers_rejected" time="0.541" /></testsuite></testsuites>