<?xml version="1.0" encoding="utf-8"?><testsuites name="pytest tests"><testsuite name="pytest" errors="0" failures="0" skipped="0" tests="26" time="6.817" timestamp="2026-05-07T15:13:44.106153+00:00" hostname="agent-env-92b83ce8-80ef-415b-b2c3-05797461d78d"><testcase classname="tests.test_backend_api.TestPublic" name="test_root" time="0.276" /><testcase classname="tests.test_backend_api.TestPublic" name="test_get_settings_public" time="0.077" /><testcase classname="tests.test_backend_api.TestPublic" name="test_get_projects" time="0.080" /><testcase classname="tests.test_backend_api.TestAuth" name="test_login_wrong_password" time="0.297" /><testcase classname="tests.test_backend_api.TestAuth" name="test_admin_me" time="0.419" /><testcase classname="tests.test_backend_api.TestAuth" name="test_admin_me_no_auth" time="0.179" /><testcase classname="tests.test_backend_api.TestAboutSettings" name="test_reset_then_about_fields_null" time="0.281" /><testcase classname="tests.test_backend_api.TestAboutSettings" name="test_put_about_fields_persists" time="0.276" /><testcase classname="tests.test_backend_api.TestAboutSettings" name="test_put_about_years_out_of_range" time="0.168" /><testcase classname="tests.test_backend_api.TestAboutSettings" name="test_put_about_body_oversize" time="0.123" /><testcase classname="tests.test_backend_api.TestAboutUpload" name="test_upload_png_ok" time="0.364" /><testcase classname="tests.test_backend_api.TestAboutUpload" name="test_upload_txt_rejected" time="0.121" /><testcase classname="tests.test_backend_api.TestAboutUpload" name="test_upload_oversize_rejected" time="0.739" /><testcase classname="tests.test_backend_api.TestAboutUpload" name="test_upload_no_auth" time="0.120" /><testcase classname="tests.test_backend_api.TestProjects" name="test_projects_crud_roundtrip" time="0.788" /><testcase classname="tests.test_backend_api.TestProjects" name="test_projects_no_auth" time="0.148" /><testcase classname="tests.test_backend_api.TestContact" name="test_contact_required_fields" time="0.073" /><testcase classname="tests.test_backend_api.TestContact" name="test_contact_invalid_email" time="0.066" /><testcase classname="tests.test_backend_api.TestContact" name="test_contact_honeypot_silent" time="0.065" /><testcase classname="tests.test_backend_api.TestContact" name="test_contact_persists" time="0.349" /><testcase classname="tests.test_backend_api.TestAdminContacts" name="test_pagination_and_read_flag" time="0.696" /><testcase classname="tests.test_backend_api.TestWebhookAuth" name="test_no_headers" time="0.090" /><testcase classname="tests.test_backend_api.TestWebhookAuth" name="test_bad_signature" time="0.065" /><testcase classname="tests.test_webhook_signature" name="test_valid_signature_appends_events" time="0.036" /><testcase classname="tests.test_webhook_signature" name="test_invalid_signature_rejected" time="0.002" /><testcase classname="tests.test_webhook_signature" name="test_missing_headers_rejected" time="0.500" /></testsuite></testsuites>